TN:
SF:src/main.rs
FN:6,main
FNDA:1,main
FNF:1
FNH:1
BRDA:9,0,0,1
BRDA:9,0,1,0
BRF:2
BRH:1
DA:7,1
DA:8,1
DA:9,1
DA:10,1
DA:11,0
LF:5
LH:4
end_of_record
TN:
SF:src/app/cmd.rs
FN:18,<impl Default for Config>::default
FN:28,Config::new
FN:32,Config::is_verbose
FN:36,Config::output_path
FN:41,run
FN:53,write_text
FN:59,write_json
FN:65,write_html
FN:69,validate
FNDA:1,<impl Default for Config>::default
FNDA:0,Config::new
FNDA:0,Config::is_verbose
FNDA:1,Config::output_path
FNDA:1,run
FNDA:1,write_text
FNDA:0,write_json
FNDA:0,write_html
FNDA:0,validate
FNF:9
FNH:4
BRDA:42,0,0,0
BRDA:42,0,1,1
BRDA:46,0,0,1
BRDA:46,0,1,0
BRDA:46,0,2,0
BRF:5
BRH:2
DA:18,1
DA:19,1
DA:20,1
DA:21,1
DA:22,1
DA:24,1
DA:28,0
DA:29,0
DA:32,0
DA:33,0
DA:36,1
DA:37,1
DA:41,1
DA:42,1
DA:43,0
DA:46,1
DA:47,1
DA:48,0
DA:49,0
DA:53,1
DA:54,1
DA:55,1
DA:56,1
DA:59,0
DA:60,0
DA:61,0
DA:62,0
DA:65,0
DA:66,0
DA:69,0
DA:70,0
DA:72,0
DA:73,0
DA:76,0
DA:77,0
DA:80,0
LF:36
LH:16
end_of_record
TN:
SF:src/hook/run.rs
FN:15,Hook::new
FN:22,Hook::run
FN:42,run_all
FNDA:3,Hook::new
FNDA:6,Hook::run
FNDA:2,run_all
FNF:3
FNH:3
BRDA:23,0,0,0
BRDA:23,0,1,6
BRDA:27,0,0,3
BRDA:27,0,1,3
BRDA:27,0,2,0
BRDA:27,0,3,0
BRF:6
BRH:3
DA:15,3
DA:17,3
DA:18,3
DA:22,6
DA:23,6
DA:24,0
DA:27,6
DA:29,3
DA:30,3
DA:33,3
DA:34,3
DA:36,0
DA:37,0
DA:42,2
DA:43,2
LF:15
LH:12
end_of_record
TN:
SF:src/timer.rs
FN:9,Timer::new
FN:16,Timer::start
FN:20,Timer::elapsed
FN:24,Timer::remaining
FN:34,Timer::is_expired
FN:38,Timer::reset
FNDA:1,Timer::new
FNDA:1,Timer::start
FNDA:1,Timer::elapsed
FNDA:0,Timer::remaining
FNDA:0,Timer::is_expired
FNDA:0,Timer::reset
FNF:6
FNH:3
BRF:0
BRH:0
DA:9,1
DA:11,1
DA:12,1
DA:16,1
DA:17,1
DA:20,1
DA:21,1
DA:24,0
DA:25,0
DA:26,0
DA:27,0
DA:29,0
DA:34,0
DA:35,0
DA:38,0
DA:39,0
LF:16
LH:7
end_of_record
TN:
SF:src/session.rs
FN:18,Session::new
FN:26,Session::start
FN:33,Session::pause
FN:39,Session::resume
FN:45,Session::finish
FN:50,Session::is_active
FNDA:1,Session::new
FNDA:0,Session::start
FNDA:0,Session::pause
FNDA:0,Session::resume
FNDA:0,Session::finish
FNDA:0,Session::is_active
FNF:6
FNH:1
BRF:0
BRH:0
DA:18,1
DA:20,1
DA:21,1
DA:22,1
DA:26,0
DA:27,0
DA:28,0
DA:29,0
DA:33,0
DA:34,0
DA:35,0
DA:39,0
DA:40,0
DA:41,0
DA:45,0
DA:46,0
DA:47,0
DA:50,0
DA:51,0
LF:19
LH:4
end_of_record
