<?xml version="1.0" ?>
<!DOCTYPE coverage SYSTEM "http://cobertura.sourceforge.net/xml/coverage-04.dtd">
<coverage line-rate="0.75" branch-rate="0" lines-covered="3" lines-valid="4" branches-covered="0" branches-valid="0" complexity="0" version="6.4.4" timestamp="1700000000">
    <sources>
        <source>/project/src</source>
    </sources>
    <packages>
        <package name="app.php" filename="app.php" line-rate="0.75" branch-rate="0" complexity="0">
            <classes>
                <class name="app.php" filename="app.php" line-rate="0.75" branch-rate="0" complexity="0">
                    <lines>
                        <line number="1" hits="1" branch="false"/>
                        <line number="2" hits="1" branch="false"/>
                        <line number="3" hits="0" branch="false"/>
                        <line number="4" hits="1" branch="false"/>
                    </lines>
                </class>
            </classes>
        </package>
    </packages>
</coverage>
