<?xml version="1.0" encoding="UTF-8" standalone="yes"?>
<!DOCTYPE report PUBLIC "-//JACOCO//DTD Report 1.1//EN" "report.dtd">
<report name="myapp">
    <package name="com/example">
        <class name="com/example/Main" sourcefilename="Main.java">
            <counter type="LINE" missed="1" covered="2"/>
            <counter type="BRANCH" missed="1" covered="1"/>
        </class>
        <sourcefile name="Main.java">
            <line nr="3" mi="0" ci="1" mb="0" cb="0"/>
            <line nr="5" mi="0" ci="1" mb="1" cb="1"/>
            <line nr="7" mi="1" ci="0" mb="0" cb="0"/>
        </sourcefile>
    </package>
    <counter type="LINE" missed="1" covered="2"/>
    <counter type="BRANCH" missed="1" covered="1"/>
</report>
